<?xml version="1.0" encoding="UTF-8"?>
<!-- Generated by org.testng.reporters.JUnitReportReporter -->
<testsuite hostname="LAPTOP-OMNP3H05" failures="0" tests="1" name="Framework_Training.Login_Demo" time="2.326" errors="0" timestamp="2023-08-07T10:39:54 IST" skipped="0">
  <testcase classname="Framework_Training.Login_Demo" name="Login" time="2.326"/>
</testsuite> <!-- Framework_Training.Login_Demo -->
