<?xml version="1.0" encoding="UTF-8"?>
<!-- Generated by org.testng.reporters.JUnitReportReporter -->
<testsuite hostname="LAPTOP-OMNP3H05" failures="0" tests="1" name="Practice.SS" time="14.071" errors="0" timestamp="2023-08-04T11:45:39 IST" skipped="0">
  <testcase classname="Practice.SS" name="buyProduct" time="14.071"/>
</testsuite> <!-- Practice.SS -->
