<?xml version="1.0" encoding="UTF-8"?>
<!-- Generated by org.testng.reporters.JUnitReportReporter -->
<testsuite hostname="LAPTOP-OMNP3H05" failures="0" tests="1" name="Framework_Training.Books_Demo" time="3.943" errors="0" timestamp="2023-08-07T11:24:02 IST" skipped="0">
  <testcase classname="Framework_Training.Books_Demo" name="books" time="3.943"/>
</testsuite> <!-- Framework_Training.Books_Demo -->
