<?xml version="1.0" encoding="UTF-8"?>
<!-- Generated by org.testng.reporters.JUnitReportReporter -->
<testsuite hostname="LAPTOP-OMNP3H05" failures="0" tests="3" name="TestNG_Basics.GroupExecution1" time="0.010" errors="0" timestamp="2023-08-04T10:03:11 IST" skipped="0">
  <testcase classname="TestNG_Basics.GroupExecution1" name="LoginTest" time="0.001"/>
  <testcase classname="TestNG_Basics.GroupExecution1" name="AddToWishlistTest" time="0.008"/>
  <testcase classname="TestNG_Basics.GroupExecution1" name="RegisterTest" time="0.001"/>
</testsuite> <!-- TestNG_Basics.GroupExecution1 -->
