<?xml version="1.0" encoding="UTF-8"?>
<!-- Generated by org.testng.reporters.JUnitReportReporter -->
<testsuite hostname="LAPTOP-OMNP3H05" failures="0" tests="3" name="TestNG_Basics.LearningDataDrivenTesting" time="23.094" errors="0" timestamp="2023-08-05T13:06:23 IST" skipped="0">
  <testcase classname="TestNG_Basics.LearningDataDrivenTesting" name="loginTest" time="7.777"/>
  <testcase classname="TestNG_Basics.LearningDataDrivenTesting" name="loginTest" time="7.667"/>
  <testcase classname="TestNG_Basics.LearningDataDrivenTesting" name="loginTest" time="7.650"/>
</testsuite> <!-- TestNG_Basics.LearningDataDrivenTesting -->
