<?xml version="1.0" encoding="UTF-8"?>
<!-- Generated by org.testng.reporters.JUnitReportReporter -->
<testsuite hostname="LAPTOP-OMNP3H05" failures="0" tests="1" name="Framework_Training.Register_Demo" time="2.173" errors="0" timestamp="2023-08-07T10:54:24 IST" skipped="0">
  <testcase classname="Framework_Training.Register_Demo" name="Register" time="2.173"/>
</testsuite> <!-- Framework_Training.Register_Demo -->
