<?xml version="1.0" encoding="UTF-8"?>
<!-- Generated by org.testng.reporters.JUnitReportReporter -->
<testsuite hostname="LAPTOP-OMNP3H05" failures="0" tests="2" name="TestNG_Basics.LearningParallelExecution" time="17.945" errors="0" timestamp="2023-08-03T15:18:36 IST" skipped="0">
  <testcase classname="TestNG_Basics.LearningParallelExecution" name="Login" time="7.724"/>
  <testcase classname="TestNG_Basics.LearningParallelExecution" name="Login" time="10.221"/>
</testsuite> <!-- TestNG_Basics.LearningParallelExecution -->
