<?xml version="1.0" encoding="UTF-8"?>
<!-- Generated by org.testng.reporters.JUnitReportReporter -->
<testsuite hostname="LAPTOP-OMNP3H05" failures="0" tests="1" name="ShoppersStack.CreateMerchantAccount" time="33.487" errors="0" timestamp="2023-08-04T17:01:23 IST" skipped="0">
  <testcase classname="ShoppersStack.CreateMerchantAccount" name="createAccount" time="33.487"/>
</testsuite> <!-- ShoppersStack.CreateMerchantAccount -->
