<?xml version="1.0" encoding="UTF-8"?>
<!-- Generated by org.testng.reporters.JUnitReportReporter -->
<testsuite hostname="LAPTOP-OMNP3H05" failures="0" tests="3" name="TestNG_Basics.LearningTestAnnotation" time="0.009" errors="0" timestamp="2023-08-03T12:02:50 IST" skipped="0">
  <testcase classname="TestNG_Basics.LearningTestAnnotation" name="testcase2" time="0.008"/>
  <testcase classname="TestNG_Basics.LearningTestAnnotation" name="testcase3" time="0.001"/>
  <testcase classname="TestNG_Basics.LearningTestAnnotation" name="testCase1" time="0.000"/>
</testsuite> <!-- TestNG_Basics.LearningTestAnnotation -->
