<?xml version="1.0" encoding="UTF-8"?>
<!-- Generated by org.testng.reporters.JUnitReportReporter -->
<testsuite hostname="LAPTOP-OMNP3H05" failures="0" tests="1" name="Practice.ShoppersStackCreateAcc" time="6.301" errors="0" timestamp="2023-08-04T12:16:36 IST" skipped="0">
  <testcase classname="Practice.ShoppersStackCreateAcc" name="createAccount" time="6.301"/>
</testsuite> <!-- Practice.ShoppersStackCreateAcc -->
