<?xml version="1.0" encoding="UTF-8"?>
<!-- Generated by org.testng.reporters.JUnitReportReporter -->
<testsuite hostname="LAPTOP-OMNP3H05" failures="0" tests="1" name="TestNG_Basics.Demo_Register" time="2.669" errors="0" timestamp="2023-08-03T12:59:50 IST" skipped="0">
  <testcase classname="TestNG_Basics.Demo_Register" name="Register" time="2.669"/>
</testsuite> <!-- TestNG_Basics.Demo_Register -->
