<?xml version="1.0" encoding="UTF-8"?>
<!-- Generated by org.testng.reporters.JUnitReportReporter -->
<testsuite hostname="LAPTOP-OMNP3H05" failures="0" tests="1" name="Practice.Buy_Product" time="13.821" errors="1" timestamp="2023-08-04T14:21:23 IST" skipped="0">
  <testcase classname="Practice.Buy_Product" name="buyProduct" time="13.821">
    <error message="element click intercepted: Element &lt;img src=&quot;data:image/jpeg;base64,/9j/4AAQSkZJRgABAQAAAQABAAD/4gIoSUNDX1BST0ZJTEUAAQEAAAIYAAAAAAQwAABtbnRyUkdCIFhZWiAAAAAAAAAAAAAAAABhY3NwAAAAAAAAAAAAAAAAAAAAAAAAAAAAAAAAAAAAAQAA9tYAAQAAAADTLQAAAAAAAAAAAAAAAAAAAAAAAAAAAAAAAAAAAAAAAAAAAAAAAAAAAAAAAAAAAAAAAAAAAAlkZXNjAAAA8AAAAHRyWFlaAAABZAAAABRnWFlaAAABeAAAABRiWFlaAAABjAAAABRyVFJDAAABoAAAAChnVFJDAAABoAAAAChiVFJDAAABoAAAACh3dHB0AAAByAAAABRjcHJ0AAAB3AAAADxtbHVjAAAAAAAAAAEAAAAMZW5VUwAAAFgAAAAcAHMAUgBHAEIAAAAAAAAAAAAAAAAAAAAAAAAAAAAAAAAAAAAAAAAAAAAAAAAAAAAAAAAAAAAAAAAAAAAAAAAAAAAAAAAAAAAAAAAAAAAAAAAAAAAAAAAAAFhZWiAAAAAAAABvogAAOPUAAAOQWFlaIAAAAAAAAGKZAAC3hQAAGNpYWVogAAAAAAAAJKAAAA+EAAC2z3BhcmEAAAAAAAQAAAACZmYAAPKnAAANWQAAE9AAAApbAAAAAAAAAABYWVogAAAAAAAA9tYAAQAAAADTLW1sdWMAAAAAAAAAAQAAAAxlblVTAAAAIAAAABwARwBvAG8AZwBsAGUAIABJAG4AYwAuACAAMgAwADEANv/bAEMAEAsMDgwKEA4NDhIREBMYKBoYFhYYMSMlHSg6Mz08OTM4N0BIXE5ARFdFNzhQbVFXX2JnaGc+TXF5cGR4XGVnY//bAEMBERISGBUYLxoaL2NCOEJjY2NjY2NjY2NjY2NjY2NjY2NjY2NjY2NjY2NjY2NjY2NjY2NjY2NjY2NjY2NjY2NjY//AABEIAOIAswMBIgACEQEDEQH/xAAbAAEAAgMBAQAAAAAAAAAAAAAAAwQBAgUGB//EADwQAAICAQIEBAMEBwgDAQAAAAECAAMRBBIFITFBEyJRcQYyYUJSgZEUFSOCobHhJDM1Q2JyksEHc6LR/8QAGQEBAAMBAQAAAAAAAAAAAAAAAAECAwQF/8QAIhEBAQACAgICAwEBAAAAAAAAAAECEQMSITEEQRMUUUJx/9oADAMBAAIRAxEAPwD6BERAREQEREBERAwxCqWYgAcyT2niuNfG7V2tTwtFKry8ZxnPsJb+OeKtptKmgpbD3DLkdl9PxngWHKB0tV8UcX11TU26ohD12KFJ/ETjtZZu3b2z65m1Y8xkb9YF3Scc4nomBo1ty47Ftw/Iz2nw58ZrrrU0vEVWu5uS2ryVj6H0M+dGbVNtYEQPuUzOJ8KcTPEuEobGzdV5HPr6GduAiIgIiICIiAiIgIiICIiAiIgJiZmlrbKnf7qkwPlvxJqzq+OaqzOVVyi+w5TlAPa4rrUu7HAUDJM3vffY7n7TEzu/Co0+l0tvEb0exy/h1qilj+ErldRbGbqKj4U1h0jWu6paRla//wBM8/qKrKLWrtRkdTghhgz3v641dtyqvCbwhPzMwGPwmOL6HT6uljdTvcDykcm9szOZ2e17hL6fPTMDrL2p4Zq0YlNJcE+uCf4SpbS9JXxFxuGRNZZWeq9p/wCP9UV1tlOeVidPqJ7+fK/gi7Zx6kfeOJ9TkoZiIgIiICIiAiIgIiICIiAiIgJW4i23h2pb0qY/wMsynxb/AAnWf+l/5GB8ftPlM9F8J6Cu6hWvuuFdgOxFsKqWB59D1xiect+Uz1PwTdVqOHXaO1VY12btp9D3mefpph7WrOD2pxK6172r0W3yhbmDL9f5zm6jR8Spp0tmr19rV2MN6ZwVB6c/ynrP0HTbgxrLY5gMxYfkTKXFMXELsJA9RyMx7NeriVcLsS+5r3L0N/djxGyJwOM0pVqAUZmUthdzZ9+c9S2mp2YKHHpuOPyzPK8dtV9etSY21jGB2l8LbkplNRa+E228f0x/1j+c+uz5B8L/AOPab/eJ9fm7FmIiAiIgIiICIiAiIgIiYgZiYJAGScCIGZV4kN3DdUPWph/Ay1ItSu/TWr6oR/CB8Xt6THC+JWcJ4impr5r0dfvL3m1w2kj0MoWyNbTvT6mLKeLcPWyi5gjgMrocFTOdbpdWpK6niNlieiIFJ9zOd8IvZVpcAnB7dp2NdY5GQAJyW6unTPLkcW4gmg02erkYRZ48M1ljWOcsxyTOl8QhjajMSeZnPrXC5m/HNTbHkvnTsfCg3fEGkH+sT69Pkvweu74k0uOzZn1qas2YiICIiAiIgIiICIiAlXV6rwcDAIPU56SzODxXxaGLrlkB8wmfJlcZ4XwxmVSVank6ZzW/MfQjrLvDLiVehzlqzy9pyNPWyM65zW/nQ+h9JNTa2nsrtPNl8r47iY4Z6vltljueHeicriWr8qvS3QjaR3m12qsIwWx7TTLmxxY9K8Tx34S11Wsus0vhWUMxZfOAwB7YnCXgesdgXqIUHnPpDvuPPnNGVdu7AzMMvk36XmE+3I4Ro/0ahRLeoTK4llUXsMe00ur5d5n+SVo8xxjhxvqOBznDq4bq2K1rVljyHMDP5z3D1rjnzkTaZLOeJfHn6+IpljKj+DPhrXaTiX6brKhUiKQoJBJJ9p7yeQ012o0uPCtYAds8p1tLxlshdSn7yzfHnxvtncLHZiao62KGQgqehE2m6hERAREQEREBERASprqg6bsfQy3NWUMpU95GU3NJxurtxHG3A7CQuZb1KFGIPUSlYcTjvh0ons5onYNmWg/i1FpQXzWt9FMt6A7qinpMM750Iw/mwZM5/s8rW+W7lJXb9jiZoaVPyk5wyypUecnRscoEFy4zI6vSW7V3LKaeV8SRM2NsMP7OW9DNGPKZZv7K0IXOE680uK2OUb+E9CCCARzBniqmwQR25z03CdSLa2qJ8ydPadnx+T/NZ54/boRETrZkREBERAREQExMyDU2itMEjn2lcspjN1Mm1fWEWdunScjUDBnSJJ5mUNWOZnFMrlu104zU0pUnFzfVSJY4c2LmX1WVCdtmZvprNl6H8JhyeMpVk+oGLSZk80mdV8+ZhOayqqGrqZLIx5XIm+YQkVs8jKtq7bMyVT5pjUDkDJghdoLfsCJr1mrHCN7QhrTzwJ0eGX+Brq8nyt5TOdpv7wCSOdrqR2k45dbtNm3s5mQaO7x9LXZ3I5+8nnqy7m3MRESQiIgIiIGJw+I6hm1qhc4Tt9Z3JQtVEc+UbumZy/KluGo04/anXXqLmDk7EBzz7yLVd5jVcUVdbTo6SGZ2859B6e8zqe85+OajdzbfmkIbBz6S9Zp1Lc7Of0Eh/Q05/tj/AMZbPhzy9RHfFubPEVT9JLXIqtOlfWwn92Tqa17n8pScHJ/FbniivXBDCahsiTu1bDBzIhXWO7S36+f8R3gIu5oPpNgKx96DsI+1H6/Id4p5w0w58je0smmonPn/ADmGoqZcEP8AnJ/XzO8VNKc3fhJbvsn3m4orpO5N2fqcyO7mi+5mOWFwuqtuX073w9fupekn5TkTsTynCL/B1iEnAY7TPVTv+Pl2w/4xzmqzERN1CIiAiIgJxuPWX01/sVY7+rgfKJ2ZiU5MO+Olsb1u3z+j9lraLD2cZM9BqO86Ws4RpNWDurCN95eRlDW0tR5WJPLk3rOX8WWE8uickyVG+aYmx5gH6Camdc9Oa+2IgzEsgiIgIiZkJYiIgRXHAHvIrPk/GTXUX2hXpUMFOGHvOhwzhrvfnVUeQDI3dMzi5cLlyajXG6x2o6PR6jUENShIH2ugnq6Qy1IHxuAGcTYAKAFAAHQCZnTxcU44zyy7ERE1VIiICaswUZY4mScStqW2VM3zEdB6wGp19On+YkkjIwJXTjWmbrkH0lKzT3X+e18E9B6SFtIw6NmQl3Kdfp7mCq+GPQGTWVpau2xQw9DPMmhwc46dxJ11l1QAZsj1gba5Er1TIgAUYwBKrTe+022b2OSRImPKAJmMzXdG6ENomuZnMJbRMZjMDMTAm3SBJRqxp22k43c52KtazINlZwB1PKcegKbAVqNlvb7qj1Jl8AAedvEb25D2Er9p+lk6wn5WJPooz/1MrqL+eVwP9WP+pVZ3P2iB9OU03lBhSRLIXf1htI3gEHup6S1Vcly5RgZwLWzknqZrptU9FoZTA9LE0rsWytXHQjMSUNWbmZDYQes2c7feQM8hLVsDpIWP0knXrNGQHvAhbHpI3QOMESzsX1jYvvA5N2nvTnV5x6ZxIT+lhCX0rKR2LrkzuW7alwB5v5SsybjkwPO28SelytmltB9xNRxis/5bj3P9J2tVo6r022D2I6ieb1+iv0mW2i6n7wHMe8gWzxcDpVn9/wDpNDxrH+R/9/0nGOoQ9ARNC+7oIS7f68btpx/z/pNDx+z7OmU/vGQ6HhNl+GtyF+7O6vCalrrUADzQKmm1nENSRs0lag+rGdFNFxGxlLNpkHf5iRLWm0vgcgMiXAmR0ga06cUrtJY5OTJSAOgkZUDtNGxJGzGQu0wzAdJC7whrY0izzmWOZqBCHV0+p20ICAcCJtpdKX0yNtJyO0QlJqmevUHOSpmi2q/fnLPEwVpNoGcdpyBdubn5TA6OeUxIart3JusmzAxtE2wK13nr2mFGSBNLG8R+XyjpA027jkzJWb9BOdr9Z4akKefSRbpOket1S1kjr6Ad5yL31dlm9LQq96yoKkSTm7bmOTNwJz5clt8NphJ7eY1dL1ahga9iljtye0m0XhV31vYwIz0HOegspruQpYoZT2M593CNvmo5j7plpyo/G9Dp9uBjGJcGGTE8/obtSlYRqmO3lmXq+J1K+yw7G9G5TWXbOzTqIdyg5595tlx0cyn4oPnRvK3Wbq5PeWQnZ7O7ZkZYxk95oz4GYQ1sOBzkWSxmrvuaavetC5PzHoIEj4QYJ5zWkG+1a6wSScSou+58t3npeD6HwK/GcedhyHoIQ6NSCupEH2QBE3iSNWUOpVhkGcXW6Q0vjHlPQzuTSytLBh1DD6iB5nJrPI5+ks0alW8pOD9Z07eGaWz7BX/aZztZwg0pvrtY/h0kJTltqE9zyEwnSVdNXqWoO5WdFOQ2JYRsiBHrdQmm072OcADM8g3Ga9Rbl8oO2Z2PiMu+ketASWwMfSeYr4fc7BSCM/SUym5pfG68u3TaloyjBvYyYSjpuDJXhnZy3oDidEVGZXjv007xrmSV5Zto6wauX1inKXgE4z29ZXpd+TtNeFytakZgeRVdzn/qSW6DTapdl1aOMZww6CQUgkVpYMbmNlnsJZQeLsXmDafEb/aOgnRqSM92oauFppsmgsFPVM5H8ZstbrzHmUH8p01AxKdjbNYoHRuRESosRW2gDAld2JklwAc4mvho4wcy6iq14DbUBY+o6TWuk2Pnw2Zj3JnRp09QxuGZ1NMa6wAiKvsJAr8M4Y29bLk2qOYU9zO1IkszJQcyRmIiAiIgJiZiBiQXaSu3mBtb1EsRA87xDht7Mf2ZsB6FZY0XBAoDag/uidmZgUv1XpvuTV+GUY5LL8xA49vDwvyrKlmiY9FOfUT0eB6TG0eggeb8C1EIsQ7CMEgSalcWs+c7gAPoBO/gYxgSnfw9Wy1J8NvTsZWxaVVLhVJlFGD6g2Hokl1Wn1Skq4AX7w6SuAQuxAT6/WJE2o3yzTdEMlroc/ZP5SzXpXP2TLKM6fRWOAegl2vRFerTOnrtTl2luBGlIXvJAAJmIGImYgIiICIiAiIgIiICIiAiIgIiIGJqVB7CIgZAHoJmIgJmIgIiICIiB//Z&quot; class=&quot;MuiAvatar-img css-1hy9t21&quot;&gt; is not clickable at point (1199, 27). Other element would receive the click: &lt;div class=&quot;Toastify__toast-container Toastify__toast-container--top-right&quot;&gt;...&lt;/div&gt;
  (Session info: chrome=115.0.5790.111)
Build info: version: &#039;3.141.59&#039;, revision: &#039;e82be7d358&#039;, time: &#039;2018-11-14T08:25:53&#039;
System info: host: &#039;LAPTOP-OMNP3H05&#039;, ip: &#039;10.10.60.196&#039;, os.name: &#039;Windows 11&#039;, os.arch: &#039;amd64&#039;, os.version: &#039;10.0&#039;, java.version: &#039;17.0.5&#039;
Driver info: org.openqa.selenium.chrome.ChromeDriver
Capabilities {acceptInsecureCerts: false, browserName: chrome, browserVersion: 115.0.5790.111, chrome: {chromedriverVersion: 114.0.5735.90 (386bc09e8f4f..., userDataDir: C:\Users\THEJSW~1\AppData\L...}, goog:chromeOptions: {debuggerAddress: localhost:5568}, javascriptEnabled: true, networkConnectionEnabled: false, pageLoadStrategy: normal, platform: WINDOWS, platformName: WINDOWS, proxy: Proxy(), setWindowRect: true, strictFileInteractability: false, timeouts: {implicit: 0, pageLoad: 300000, script: 30000}, unhandledPromptBehavior: dismiss and notify, webauthn:extension:credBlob: true, webauthn:extension:largeBlob: true, webauthn:extension:minPinLength: true, webauthn:extension:prf: true, webauthn:virtualAuthenticators: true}
Session ID: 5e6f7050e965910e487c5199a94a6329" type="org.openqa.selenium.ElementClickInterceptedException">
      <![CDATA[org.openqa.selenium.ElementClickInterceptedException: element click intercepted: Element <img src="data:image/jpeg;base64,/9j/4AAQSkZJRgABAQAAAQABAAD/4gIoSUNDX1BST0ZJTEUAAQEAAAIYAAAAAAQwAABtbnRyUkdCIFhZWiAAAAAAAAAAAAAAAABhY3NwAAAAAAAAAAAAAAAAAAAAAAAAAAAAAAAAAAAAAQAA9tYAAQAAAADTLQAAAAAAAAAAAAAAAAAAAAAAAAAAAAAAAAAAAAAAAAAAAAAAAAAAAAAAAAAAAAAAAAAAAAlkZXNjAAAA8AAAAHRyWFlaAAABZAAAABRnWFlaAAABeAAAABRiWFlaAAABjAAAABRyVFJDAAABoAAAAChnVFJDAAABoAAAAChiVFJDAAABoAAAACh3dHB0AAAByAAAABRjcHJ0AAAB3AAAADxtbHVjAAAAAAAAAAEAAAAMZW5VUwAAAFgAAAAcAHMAUgBHAEIAAAAAAAAAAAAAAAAAAAAAAAAAAAAAAAAAAAAAAAAAAAAAAAAAAAAAAAAAAAAAAAAAAAAAAAAAAAAAAAAAAAAAAAAAAAAAAAAAAAAAAAAAAFhZWiAAAAAAAABvogAAOPUAAAOQWFlaIAAAAAAAAGKZAAC3hQAAGNpYWVogAAAAAAAAJKAAAA+EAAC2z3BhcmEAAAAAAAQAAAACZmYAAPKnAAANWQAAE9AAAApbAAAAAAAAAABYWVogAAAAAAAA9tYAAQAAAADTLW1sdWMAAAAAAAAAAQAAAAxlblVTAAAAIAAAABwARwBvAG8AZwBsAGUAIABJAG4AYwAuACAAMgAwADEANv/bAEMAEAsMDgwKEA4NDhIREBMYKBoYFhYYMSMlHSg6Mz08OTM4N0BIXE5ARFdFNzhQbVFXX2JnaGc+TXF5cGR4XGVnY//bAEMBERISGBUYLxoaL2NCOEJjY2NjY2NjY2NjY2NjY2NjY2NjY2NjY2NjY2NjY2NjY2NjY2NjY2NjY2NjY2NjY2NjY//AABEIAOIAswMBIgACEQEDEQH/xAAbAAEAAgMBAQAAAAAAAAAAAAAAAwQBAgUGB//EADwQAAICAQIEBAMEBwgDAQAAAAECAAMRBBIFITFBEyJRcQYyYUJSgZEUFSOCobHhJDM1Q2JyksEHc6LR/8QAGQEBAAMBAQAAAAAAAAAAAAAAAAECAwQF/8QAIhEBAQACAgICAwEBAAAAAAAAAAECEQMSITEEQRMUUUJx/9oADAMBAAIRAxEAPwD6BERAREQEREBERAwxCqWYgAcyT2niuNfG7V2tTwtFKry8ZxnPsJb+OeKtptKmgpbD3DLkdl9PxngWHKB0tV8UcX11TU26ohD12KFJ/ETjtZZu3b2z65m1Y8xkb9YF3Scc4nomBo1ty47Ftw/Iz2nw58ZrrrU0vEVWu5uS2ryVj6H0M+dGbVNtYEQPuUzOJ8KcTPEuEobGzdV5HPr6GduAiIgIiICIiAiIgIiICIiAiIgJiZmlrbKnf7qkwPlvxJqzq+OaqzOVVyi+w5TlAPa4rrUu7HAUDJM3vffY7n7TEzu/Co0+l0tvEb0exy/h1qilj+ErldRbGbqKj4U1h0jWu6paRla//wBM8/qKrKLWrtRkdTghhgz3v641dtyqvCbwhPzMwGPwmOL6HT6uljdTvcDykcm9szOZ2e17hL6fPTMDrL2p4Zq0YlNJcE+uCf4SpbS9JXxFxuGRNZZWeq9p/wCP9UV1tlOeVidPqJ7+fK/gi7Zx6kfeOJ9TkoZiIgIiICIiAiIgIiICIiAiIgJW4i23h2pb0qY/wMsynxb/AAnWf+l/5GB8ftPlM9F8J6Cu6hWvuuFdgOxFsKqWB59D1xiect+Uz1PwTdVqOHXaO1VY12btp9D3mefpph7WrOD2pxK6172r0W3yhbmDL9f5zm6jR8Spp0tmr19rV2MN6ZwVB6c/ynrP0HTbgxrLY5gMxYfkTKXFMXELsJA9RyMx7NeriVcLsS+5r3L0N/djxGyJwOM0pVqAUZmUthdzZ9+c9S2mp2YKHHpuOPyzPK8dtV9etSY21jGB2l8LbkplNRa+E228f0x/1j+c+uz5B8L/AOPab/eJ9fm7FmIiAiIgIiICIiAiIgIiYgZiYJAGScCIGZV4kN3DdUPWph/Ay1ItSu/TWr6oR/CB8Xt6THC+JWcJ4impr5r0dfvL3m1w2kj0MoWyNbTvT6mLKeLcPWyi5gjgMrocFTOdbpdWpK6niNlieiIFJ9zOd8IvZVpcAnB7dp2NdY5GQAJyW6unTPLkcW4gmg02erkYRZ48M1ljWOcsxyTOl8QhjajMSeZnPrXC5m/HNTbHkvnTsfCg3fEGkH+sT69Pkvweu74k0uOzZn1qas2YiICIiAiIgIiICIiAlXV6rwcDAIPU56SzODxXxaGLrlkB8wmfJlcZ4XwxmVSVank6ZzW/MfQjrLvDLiVehzlqzy9pyNPWyM65zW/nQ+h9JNTa2nsrtPNl8r47iY4Z6vltljueHeicriWr8qvS3QjaR3m12qsIwWx7TTLmxxY9K8Tx34S11Wsus0vhWUMxZfOAwB7YnCXgesdgXqIUHnPpDvuPPnNGVdu7AzMMvk36XmE+3I4Ro/0ahRLeoTK4llUXsMe00ur5d5n+SVo8xxjhxvqOBznDq4bq2K1rVljyHMDP5z3D1rjnzkTaZLOeJfHn6+IpljKj+DPhrXaTiX6brKhUiKQoJBJJ9p7yeQ012o0uPCtYAds8p1tLxlshdSn7yzfHnxvtncLHZiao62KGQgqehE2m6hERAREQEREBERASprqg6bsfQy3NWUMpU95GU3NJxurtxHG3A7CQuZb1KFGIPUSlYcTjvh0ons5onYNmWg/i1FpQXzWt9FMt6A7qinpMM750Iw/mwZM5/s8rW+W7lJXb9jiZoaVPyk5wyypUecnRscoEFy4zI6vSW7V3LKaeV8SRM2NsMP7OW9DNGPKZZv7K0IXOE680uK2OUb+E9CCCARzBniqmwQR25z03CdSLa2qJ8ydPadnx+T/NZ54/boRETrZkREBERAREQExMyDU2itMEjn2lcspjN1Mm1fWEWdunScjUDBnSJJ5mUNWOZnFMrlu104zU0pUnFzfVSJY4c2LmX1WVCdtmZvprNl6H8JhyeMpVk+oGLSZk80mdV8+ZhOayqqGrqZLIx5XIm+YQkVs8jKtq7bMyVT5pjUDkDJghdoLfsCJr1mrHCN7QhrTzwJ0eGX+Brq8nyt5TOdpv7wCSOdrqR2k45dbtNm3s5mQaO7x9LXZ3I5+8nnqy7m3MRESQiIgIiIGJw+I6hm1qhc4Tt9Z3JQtVEc+UbumZy/KluGo04/anXXqLmDk7EBzz7yLVd5jVcUVdbTo6SGZ2859B6e8zqe85+OajdzbfmkIbBz6S9Zp1Lc7Of0Eh/Q05/tj/AMZbPhzy9RHfFubPEVT9JLXIqtOlfWwn92Tqa17n8pScHJ/FbniivXBDCahsiTu1bDBzIhXWO7S36+f8R3gIu5oPpNgKx96DsI+1H6/Id4p5w0w58je0smmonPn/ADmGoqZcEP8AnJ/XzO8VNKc3fhJbvsn3m4orpO5N2fqcyO7mi+5mOWFwuqtuX073w9fupekn5TkTsTynCL/B1iEnAY7TPVTv+Pl2w/4xzmqzERN1CIiAiIgJxuPWX01/sVY7+rgfKJ2ZiU5MO+Olsb1u3z+j9lraLD2cZM9BqO86Ws4RpNWDurCN95eRlDW0tR5WJPLk3rOX8WWE8uickyVG+aYmx5gH6Camdc9Oa+2IgzEsgiIgIiZkJYiIgRXHAHvIrPk/GTXUX2hXpUMFOGHvOhwzhrvfnVUeQDI3dMzi5cLlyajXG6x2o6PR6jUENShIH2ugnq6Qy1IHxuAGcTYAKAFAAHQCZnTxcU44zyy7ERE1VIiICaswUZY4mScStqW2VM3zEdB6wGp19On+YkkjIwJXTjWmbrkH0lKzT3X+e18E9B6SFtIw6NmQl3Kdfp7mCq+GPQGTWVpau2xQw9DPMmhwc46dxJ11l1QAZsj1gba5Er1TIgAUYwBKrTe+022b2OSRImPKAJmMzXdG6ENomuZnMJbRMZjMDMTAm3SBJRqxp22k43c52KtazINlZwB1PKcegKbAVqNlvb7qj1Jl8AAedvEb25D2Er9p+lk6wn5WJPooz/1MrqL+eVwP9WP+pVZ3P2iB9OU03lBhSRLIXf1htI3gEHup6S1Vcly5RgZwLWzknqZrptU9FoZTA9LE0rsWytXHQjMSUNWbmZDYQes2c7feQM8hLVsDpIWP0knXrNGQHvAhbHpI3QOMESzsX1jYvvA5N2nvTnV5x6ZxIT+lhCX0rKR2LrkzuW7alwB5v5SsybjkwPO28SelytmltB9xNRxis/5bj3P9J2tVo6r022D2I6ieb1+iv0mW2i6n7wHMe8gWzxcDpVn9/wDpNDxrH+R/9/0nGOoQ9ARNC+7oIS7f68btpx/z/pNDx+z7OmU/vGQ6HhNl+GtyF+7O6vCalrrUADzQKmm1nENSRs0lag+rGdFNFxGxlLNpkHf5iRLWm0vgcgMiXAmR0ga06cUrtJY5OTJSAOgkZUDtNGxJGzGQu0wzAdJC7whrY0izzmWOZqBCHV0+p20ICAcCJtpdKX0yNtJyO0QlJqmevUHOSpmi2q/fnLPEwVpNoGcdpyBdubn5TA6OeUxIart3JusmzAxtE2wK13nr2mFGSBNLG8R+XyjpA027jkzJWb9BOdr9Z4akKefSRbpOket1S1kjr6Ad5yL31dlm9LQq96yoKkSTm7bmOTNwJz5clt8NphJ7eY1dL1ahga9iljtye0m0XhV31vYwIz0HOegspruQpYoZT2M593CNvmo5j7plpyo/G9Dp9uBjGJcGGTE8/obtSlYRqmO3lmXq+J1K+yw7G9G5TWXbOzTqIdyg5595tlx0cyn4oPnRvK3Wbq5PeWQnZ7O7ZkZYxk95oz4GYQ1sOBzkWSxmrvuaavetC5PzHoIEj4QYJ5zWkG+1a6wSScSou+58t3npeD6HwK/GcedhyHoIQ6NSCupEH2QBE3iSNWUOpVhkGcXW6Q0vjHlPQzuTSytLBh1DD6iB5nJrPI5+ks0alW8pOD9Z07eGaWz7BX/aZztZwg0pvrtY/h0kJTltqE9zyEwnSVdNXqWoO5WdFOQ2JYRsiBHrdQmm072OcADM8g3Ga9Rbl8oO2Z2PiMu+ketASWwMfSeYr4fc7BSCM/SUym5pfG68u3TaloyjBvYyYSjpuDJXhnZy3oDidEVGZXjv007xrmSV5Zto6wauX1inKXgE4z29ZXpd+TtNeFytakZgeRVdzn/qSW6DTapdl1aOMZww6CQUgkVpYMbmNlnsJZQeLsXmDafEb/aOgnRqSM92oauFppsmgsFPVM5H8ZstbrzHmUH8p01AxKdjbNYoHRuRESosRW2gDAld2JklwAc4mvho4wcy6iq14DbUBY+o6TWuk2Pnw2Zj3JnRp09QxuGZ1NMa6wAiKvsJAr8M4Y29bLk2qOYU9zO1IkszJQcyRmIiAiIgJiZiBiQXaSu3mBtb1EsRA87xDht7Mf2ZsB6FZY0XBAoDag/uidmZgUv1XpvuTV+GUY5LL8xA49vDwvyrKlmiY9FOfUT0eB6TG0eggeb8C1EIsQ7CMEgSalcWs+c7gAPoBO/gYxgSnfw9Wy1J8NvTsZWxaVVLhVJlFGD6g2Hokl1Wn1Skq4AX7w6SuAQuxAT6/WJE2o3yzTdEMlroc/ZP5SzXpXP2TLKM6fRWOAegl2vRFerTOnrtTl2luBGlIXvJAAJmIGImYgIiICIiAiIgIiICIiAiIgIiIGJqVB7CIgZAHoJmIgJmIgIiICIiB//Z" class="MuiAvatar-img css-1hy9t21"> is not clickable at point (1199, 27). Other element would receive the click: <div class="Toastify__toast-container Toastify__toast-container--top-right">...</div>
  (Session info: chrome=115.0.5790.111)
Build info: version: '3.141.59', revision: 'e82be7d358', time: '2018-11-14T08:25:53'
System info: host: 'LAPTOP-OMNP3H05', ip: '10.10.60.196', os.name: 'Windows 11', os.arch: 'amd64', os.version: '10.0', java.version: '17.0.5'
Driver info: org.openqa.selenium.chrome.ChromeDriver
Capabilities {acceptInsecureCerts: false, browserName: chrome, browserVersion: 115.0.5790.111, chrome: {chromedriverVersion: 114.0.5735.90 (386bc09e8f4f..., userDataDir: C:\Users\THEJSW~1\AppData\L...}, goog:chromeOptions: {debuggerAddress: localhost:5568}, javascriptEnabled: true, networkConnectionEnabled: false, pageLoadStrategy: normal, platform: WINDOWS, platformName: WINDOWS, proxy: Proxy(), setWindowRect: true, strictFileInteractability: false, timeouts: {implicit: 0, pageLoad: 300000, script: 30000}, unhandledPromptBehavior: dismiss and notify, webauthn:extension:credBlob: true, webauthn:extension:largeBlob: true, webauthn:extension:minPinLength: true, webauthn:extension:prf: true, webauthn:virtualAuthenticators: true}
Session ID: 5e6f7050e965910e487c5199a94a6329
at java.base/jdk.internal.reflect.NativeConstructorAccessorImpl.newInstance0(Native Method)
at java.base/jdk.internal.reflect.NativeConstructorAccessorImpl.newInstance(NativeConstructorAccessorImpl.java:77)
at java.base/jdk.internal.reflect.DelegatingConstructorAccessorImpl.newInstance(DelegatingConstructorAccessorImpl.java:45)
at java.base/java.lang.reflect.Constructor.newInstanceWithCaller(Constructor.java:499)
at java.base/java.lang.reflect.Constructor.newInstance(Constructor.java:480)
at org.openqa.selenium.remote.http.W3CHttpResponseCodec.createException(W3CHttpResponseCodec.java:187)
at org.openqa.selenium.remote.http.W3CHttpResponseCodec.decode(W3CHttpResponseCodec.java:122)
at org.openqa.selenium.remote.http.W3CHttpResponseCodec.decode(W3CHttpResponseCodec.java:49)
at org.openqa.selenium.remote.HttpCommandExecutor.execute(HttpCommandExecutor.java:158)
at org.openqa.selenium.remote.service.DriverCommandExecutor.execute(DriverCommandExecutor.java:83)
at org.openqa.selenium.remote.RemoteWebDriver.execute(RemoteWebDriver.java:552)
at org.openqa.selenium.remote.RemoteWebElement.execute(RemoteWebElement.java:285)
at org.openqa.selenium.remote.RemoteWebElement.click(RemoteWebElement.java:84)
at Practice.Buy_Product.buyProduct(Buy_Product.java:40)
at java.base/jdk.internal.reflect.NativeMethodAccessorImpl.invoke0(Native Method)
at java.base/jdk.internal.reflect.NativeMethodAccessorImpl.invoke(NativeMethodAccessorImpl.java:77)
at java.base/jdk.internal.reflect.DelegatingMethodAccessorImpl.invoke(DelegatingMethodAccessorImpl.java:43)
at java.base/java.lang.reflect.Method.invoke(Method.java:568)
at org.testng.internal.invokers.MethodInvocationHelper.invokeMethod(MethodInvocationHelper.java:139)
at org.testng.internal.invokers.TestInvoker.invokeMethod(TestInvoker.java:664)
at org.testng.internal.invokers.TestInvoker.invokeTestMethod(TestInvoker.java:227)
at org.testng.internal.invokers.MethodRunner.runInSequence(MethodRunner.java:50)
at org.testng.internal.invokers.TestInvoker$MethodInvocationAgent.invoke(TestInvoker.java:957)
at org.testng.internal.invokers.TestInvoker.invokeTestMethods(TestInvoker.java:200)
at org.testng.internal.invokers.TestMethodWorker.invokeTestMethods(TestMethodWorker.java:148)
at org.testng.internal.invokers.TestMethodWorker.run(TestMethodWorker.java:128)
at java.base/java.util.ArrayList.forEach(ArrayList.java:1511)
at org.testng.TestRunner.privateRun(TestRunner.java:848)
at org.testng.TestRunner.run(TestRunner.java:621)
at org.testng.SuiteRunner.runTest(SuiteRunner.java:443)
at org.testng.SuiteRunner.runSequentially(SuiteRunner.java:437)
at org.testng.SuiteRunner.privateRun(SuiteRunner.java:397)
at org.testng.SuiteRunner.run(SuiteRunner.java:336)
at org.testng.SuiteRunnerWorker.runSuite(SuiteRunnerWorker.java:52)
at org.testng.SuiteRunnerWorker.run(SuiteRunnerWorker.java:95)
at org.testng.TestNG.runSuitesSequentially(TestNG.java:1280)
at org.testng.TestNG.runSuitesLocally(TestNG.java:1200)
at org.testng.TestNG.runSuites(TestNG.java:1114)
at org.testng.TestNG.run(TestNG.java:1082)
at org.testng.remote.AbstractRemoteTestNG.run(AbstractRemoteTestNG.java:115)
at org.testng.remote.RemoteTestNG.initAndRun(RemoteTestNG.java:251)
at org.testng.remote.RemoteTestNG.main(RemoteTestNG.java:77)
]]>
    </error>
  </testcase> <!-- buyProduct -->
</testsuite> <!-- Practice.Buy_Product -->
