<?xml version="1.0" encoding="UTF-8"?>
<!-- Generated by org.testng.reporters.JUnitReportReporter -->
<testsuite hostname="LAPTOP-OMNP3H05" failures="0" tests="2" name="TestNG_Basics.LearningDataProvider" time="0.009" errors="0" timestamp="2023-08-05T11:17:40 IST" skipped="0">
  <testcase classname="TestNG_Basics.LearningDataProvider" name="loginTest" time="0.007"/>
  <testcase classname="TestNG_Basics.LearningDataProvider" name="loginTest" time="0.002"/>
</testsuite> <!-- TestNG_Basics.LearningDataProvider -->
