<?xml version="1.0" encoding="UTF-8"?>
<!-- Generated by org.testng.reporters.JUnitReportReporter -->
<testsuite hostname="LAPTOP-OMNP3H05" failures="0" tests="1" name="Framework_Training.Welcome_Demo" time="1.040" errors="0" timestamp="2023-08-07T10:59:47 IST" skipped="0">
  <testcase classname="Framework_Training.Welcome_Demo" name="welcome" time="1.040"/>
</testsuite> <!-- Framework_Training.Welcome_Demo -->
